#
# There is insufficient memory for the Java Runtime Environment to continue.
# Native memory allocation (malloc) failed to allocate 1221224 bytes. Error detail: Chunk::new
# Possible reasons:
#   The system is out of physical RAM or swap space
#   This process is running with CompressedOops enabled, and the Java Heap may be blocking the growth of the native heap
# Possible solutions:
#   Reduce memory load on the system
#   Increase physical memory or swap space
#   Check if swap backing store is full
#   Decrease Java heap size (-Xmx/-Xms)
#   Decrease number of Java threads
#   Decrease Java thread stack sizes (-Xss)
#   Set larger code cache with -XX:ReservedCodeCacheSize=
#   JVM is running with Zero Based Compressed Oops mode in which the Java heap is
#     placed in the first 32GB address space. The Java Heap base address is the
#     maximum limit for the native heap growth. Please use -XX:HeapBaseMinAddress
#     to set the Java Heap base and to place the Java Heap above 32GB virtual address.
# This output file may be truncated or incomplete.
#
#  Out of Memory Error (arena.cpp:162), pid=17432, tid=15924
#
# JRE version: OpenJDK Runtime Environment (24.0.1+9) (build 24.0.1+9-30)
# Java VM: OpenJDK 64-Bit Server VM (24.0.1+9-30, mixed mode, sharing, tiered, compressed oops, compressed class ptrs, g1 gc, windows-amd64)
# No core dump will be written. Minidumps are not enabled by default on client versions of Windows
#

---------------  S U M M A R Y ------------

Command Line: -javaagent:C:\Program Files\JetBrains\IntelliJ IDEA Community Edition 2025.1\lib\idea_rt.jar=62328 -Dfile.encoding=UTF-8 -Dsun.stdout.encoding=UTF-8 -Dsun.stderr.encoding=UTF-8 com.discovery_service.DiscoveryServiceApplication

Host: Intel(R) Core(TM) i5-10210U CPU @ 1.60GHz, 8 cores, 15G,  Windows 11 , 64 bit Build 26100 (10.0.26100.8737)
Time: Sat Jul 11 18:01:51 2026 SE Asia Standard Time elapsed time: 9600.960673 seconds (0d 2h 40m 0s)

---------------  T H R E A D  ---------------

Current thread (0x00000297a25989c0):  JavaThread "C2 CompilerThread0" daemon [_thread_in_native, id=15924, stack(0x000000d71e400000,0x000000d71e500000) (1024K)]


Current CompileTask:
C2:9600960 14238       4       org.glassfish.jersey.message.internal.CommittingOutputStream::commitStream (64 bytes)

Stack: [0x000000d71e400000,0x000000d71e500000]
Native frames: (J=compiled Java code, j=interpreted, Vv=VM code, C=native code)
V  [jvm.dll+0x730739]  (no source info available)
V  [jvm.dll+0x8d9b23]  (no source info available)
V  [jvm.dll+0x8dc00d]  (no source info available)
V  [jvm.dll+0x8dc683]  (no source info available)
V  [jvm.dll+0x2aa086]  (no source info available)
V  [jvm.dll+0xcedef]  (no source info available)
V  [jvm.dll+0xcf04f]  (no source info available)
V  [jvm.dll+0x3f373c]  (no source info available)
V  [jvm.dll+0x205e4f]  (no source info available)
V  [jvm.dll+0x26f7f0]  (no source info available)
V  [jvm.dll+0x26ea3f]  (no source info available)
V  [jvm.dll+0x1e9d60]  (no source info available)
V  [jvm.dll+0x27e1fb]  (no source info available)
V  [jvm.dll+0x27c49a]  (no source info available)
V  [jvm.dll+0x42f456]  (no source info available)
V  [jvm.dll+0x87d76b]  (no source info available)
V  [jvm.dll+0x72ee55]  (no source info available)
C  [ucrtbase.dll+0x2cd30]  (no source info available)
C  [KERNEL32.DLL+0x2e957]  (no source info available)
C  [ntdll.dll+0xaad6c]  (no source info available)

Lock stack of current Java thread (top to bottom):


---------------  P R O C E S S  ---------------

Threads class SMR info:
_java_thread_list=0x00000297ea1894c0, length=60, elements={
0x00000297a25860c0, 0x00000297a2586800, 0x00000297a2588300, 0x00000297a2588a40,
0x00000297a25955a0, 0x00000297a2595ce0, 0x00000297a25989c0, 0x00000297a259d620,
0x00000297a27c4530, 0x00000297e839d1f0, 0x00000297e839e250, 0x00000297ec873380,
0x00000297ec6087f0, 0x00000297ec875810, 0x00000297ec8766b0, 0x00000297ec874220,
0x00000297ec873ad0, 0x00000297ec8799e0, 0x00000297ec877ca0, 0x00000297ec87a130,
0x00000297ec878b40, 0x00000297ec8783f0, 0x00000297ec879290, 0x00000297ec6080a0,
0x00000297ec608f40, 0x00000297ec609690, 0x00000297ec609de0, 0x00000297ec606ab0,
0x00000297ec60a530, 0x00000297ec607950, 0x00000297ec607200, 0x00000297ec60bb20,
0x00000297ec60ac80, 0x00000297ec60c9c0, 0x00000297ec60c270, 0x00000297ec60b3d0,
0x00000297ec60d110, 0x00000297ea028e30, 0x00000297ea029cd0, 0x00000297ea02a420,
0x00000297ea02ab70, 0x00000297ea027840, 0x00000297e8347f10, 0x00000297e8346920,
0x00000297e8347070, 0x00000297e8345330, 0x00000297e8348db0, 0x00000297e8348660,
0x00000297e83461d0, 0x00000297e8345a80, 0x00000297e8349c50, 0x00000297e834aaf0,
0x00000297e8349500, 0x00000297e834b240, 0x00000297e834c0e0, 0x00000297e834b990,
0x00000297e834c830, 0x00000297e834a3a0, 0x00000297e83477c0, 0x00000297a2756720
}

Java Threads: ( => current thread )
  0x00000297a25860c0 JavaThread "Reference Handler"          daemon [_thread_blocked, id=9844, stack(0x000000d71de00000,0x000000d71df00000) (1024K)]
  0x00000297a2586800 JavaThread "Finalizer"                  daemon [_thread_blocked, id=17824, stack(0x000000d71df00000,0x000000d71e000000) (1024K)]
  0x00000297a2588300 JavaThread "Signal Dispatcher"          daemon [_thread_blocked, id=14940, stack(0x000000d71e000000,0x000000d71e100000) (1024K)]
  0x00000297a2588a40 JavaThread "Attach Listener"            daemon [_thread_blocked, id=13648, stack(0x000000d71e100000,0x000000d71e200000) (1024K)]
  0x00000297a25955a0 JavaThread "Service Thread"             daemon [_thread_blocked, id=14764, stack(0x000000d71e200000,0x000000d71e300000) (1024K)]
  0x00000297a2595ce0 JavaThread "Monitor Deflation Thread"   daemon [_thread_blocked, id=5744, stack(0x000000d71e300000,0x000000d71e400000) (1024K)]
=>0x00000297a25989c0 JavaThread "C2 CompilerThread0"         daemon [_thread_in_native, id=15924, stack(0x000000d71e400000,0x000000d71e500000) (1024K)]
  0x00000297a259d620 JavaThread "C1 CompilerThread0"         daemon [_thread_blocked, id=6976, stack(0x000000d71e500000,0x000000d71e600000) (1024K)]
  0x00000297a27c4530 JavaThread "Common-Cleaner"             daemon [_thread_blocked, id=18340, stack(0x000000d71e600000,0x000000d71e700000) (1024K)]
  0x00000297e839d1f0 JavaThread "Monitor Ctrl-Break"         daemon [_thread_in_native, id=9956, stack(0x000000d71e800000,0x000000d71e900000) (1024K)]
  0x00000297e839e250 JavaThread "Notification Thread"        daemon [_thread_blocked, id=16752, stack(0x000000d71e900000,0x000000d71ea00000) (1024K)]
  0x00000297ec873380 JavaThread "spectator-gauge-polling-0"  daemon [_thread_blocked, id=328, stack(0x000000d71fa00000,0x000000d71fb00000) (1024K)]
  0x00000297ec6087f0 JavaThread "DestroyJavaVM"                     [_thread_blocked, id=16924, stack(0x000000d71d600000,0x000000d71d700000) (1024K)]
  0x00000297ec875810 JavaThread "Catalina-utility-1"                [_thread_blocked, id=15916, stack(0x000000d71f200000,0x000000d71f300000) (1024K)]
  0x00000297ec8766b0 JavaThread "Catalina-utility-2"                [_thread_blocked, id=19344, stack(0x000000d71f600000,0x000000d71f700000) (1024K)]
  0x00000297ec874220 JavaThread "container-0"                       [_thread_blocked, id=3580, stack(0x000000d71f700000,0x000000d71f800000) (1024K)]
  0x00000297ec873ad0 JavaThread "File Watcher"               daemon [_thread_blocked, id=15904, stack(0x000000d71f900000,0x000000d71fa00000) (1024K)]
  0x00000297ec8799e0 JavaThread "Eureka-DeltaRetentionTimer" daemon [_thread_blocked, id=7000, stack(0x000000d71fb00000,0x000000d71fc00000) (1024K)]
  0x00000297ec877ca0 JavaThread "Eureka-EvictionTimer"       daemon [_thread_blocked, id=10600, stack(0x000000d71fc00000,0x000000d71fd00000) (1024K)]
  0x00000297ec87a130 JavaThread "Eureka-MeasureRateTimer"    daemon [_thread_blocked, id=18624, stack(0x000000d71fd00000,0x000000d71fe00000) (1024K)]
  0x00000297ec878b40 JavaThread "ReplicaAwareInstanceRegistry - RenewalThresholdUpdater" daemon [_thread_blocked, id=16700, stack(0x000000d71fe00000,0x000000d71ff00000) (1024K)]
  0x00000297ec8783f0 JavaThread "Eureka-MeasureRateTimer"    daemon [_thread_blocked, id=19128, stack(0x000000d71ff00000,0x000000d720000000) (1024K)]
  0x00000297ec879290 JavaThread "Eureka-Jersey3Client-Conn-Cleaner2" daemon [_thread_blocked, id=11888, stack(0x000000d720000000,0x000000d720100000) (1024K)]
  0x00000297ec6080a0 JavaThread "TaskAcceptor-target_localhost" daemon [_thread_blocked, id=5952, stack(0x000000d720100000,0x000000d720200000) (1024K)]
  0x00000297ec608f40 JavaThread "TaskBatchingWorker-target_localhost-0" daemon [_thread_blocked, id=9028, stack(0x000000d720200000,0x000000d720300000) (1024K)]
  0x00000297ec609690 JavaThread "TaskBatchingWorker-target_localhost-1" daemon [_thread_blocked, id=10016, stack(0x000000d720300000,0x000000d720400000) (1024K)]
  0x00000297ec609de0 JavaThread "TaskBatchingWorker-target_localhost-2" daemon [_thread_blocked, id=14052, stack(0x000000d720400000,0x000000d720500000) (1024K)]
  0x00000297ec606ab0 JavaThread "TaskBatchingWorker-target_localhost-3" daemon [_thread_blocked, id=15168, stack(0x000000d720500000,0x000000d720600000) (1024K)]
  0x00000297ec60a530 JavaThread "TaskBatchingWorker-target_localhost-4" daemon [_thread_blocked, id=2176, stack(0x000000d720600000,0x000000d720700000) (1024K)]
  0x00000297ec607950 JavaThread "TaskBatchingWorker-target_localhost-5" daemon [_thread_blocked, id=17672, stack(0x000000d720700000,0x000000d720800000) (1024K)]
  0x00000297ec607200 JavaThread "TaskBatchingWorker-target_localhost-6" daemon [_thread_blocked, id=8200, stack(0x000000d720800000,0x000000d720900000) (1024K)]
  0x00000297ec60bb20 JavaThread "TaskBatchingWorker-target_localhost-7" daemon [_thread_blocked, id=17840, stack(0x000000d720900000,0x000000d720a00000) (1024K)]
  0x00000297ec60ac80 JavaThread "TaskBatchingWorker-target_localhost-8" daemon [_thread_blocked, id=13236, stack(0x000000d720a00000,0x000000d720b00000) (1024K)]
  0x00000297ec60c9c0 JavaThread "TaskBatchingWorker-target_localhost-9" daemon [_thread_blocked, id=12620, stack(0x000000d720b00000,0x000000d720c00000) (1024K)]
  0x00000297ec60c270 JavaThread "TaskBatchingWorker-target_localhost-10" daemon [_thread_blocked, id=8272, stack(0x000000d720c00000,0x000000d720d00000) (1024K)]
  0x00000297ec60b3d0 JavaThread "TaskBatchingWorker-target_localhost-11" daemon [_thread_blocked, id=3652, stack(0x000000d720d00000,0x000000d720e00000) (1024K)]
  0x00000297ec60d110 JavaThread "TaskBatchingWorker-target_localhost-12" daemon [_thread_blocked, id=18888, stack(0x000000d720e00000,0x000000d720f00000) (1024K)]
  0x00000297ea028e30 JavaThread "TaskBatchingWorker-target_localhost-13" daemon [_thread_blocked, id=9560, stack(0x000000d720f00000,0x000000d721000000) (1024K)]
  0x00000297ea029cd0 JavaThread "TaskBatchingWorker-target_localhost-14" daemon [_thread_blocked, id=1960, stack(0x000000d721000000,0x000000d721100000) (1024K)]
  0x00000297ea02a420 JavaThread "TaskBatchingWorker-target_localhost-15" daemon [_thread_blocked, id=16728, stack(0x000000d721100000,0x000000d721200000) (1024K)]
  0x00000297ea02ab70 JavaThread "TaskBatchingWorker-target_localhost-16" daemon [_thread_blocked, id=16592, stack(0x000000d721200000,0x000000d721300000) (1024K)]
  0x00000297ea027840 JavaThread "TaskBatchingWorker-target_localhost-17" daemon [_thread_blocked, id=8472, stack(0x000000d721300000,0x000000d721400000) (1024K)]
  0x00000297e8347f10 JavaThread "TaskBatchingWorker-target_localhost-18" daemon [_thread_blocked, id=17828, stack(0x000000d721400000,0x000000d721500000) (1024K)]
  0x00000297e8346920 JavaThread "TaskBatchingWorker-target_localhost-19" daemon [_thread_blocked, id=14332, stack(0x000000d721500000,0x000000d721600000) (1024K)]
  0x00000297e8347070 JavaThread "TaskAcceptor-localhost"     daemon [_thread_blocked, id=1976, stack(0x000000d721600000,0x000000d721700000) (1024K)]
  0x00000297e8345330 JavaThread "TaskNonBatchingWorker-localhost-0" daemon [_thread_blocked, id=19356, stack(0x000000d721700000,0x000000d721800000) (1024K)]
  0x00000297e8348db0 JavaThread "Eureka-PeerNodesUpdater"    daemon [_thread_blocked, id=1984, stack(0x000000d721800000,0x000000d721900000) (1024K)]
  0x00000297e8348660 JavaThread "Eureka-CacheFillTimer"      daemon [_thread_blocked, id=12648, stack(0x000000d721900000,0x000000d721a00000) (1024K)]
  0x00000297e83461d0 JavaThread "http-nio-8761-exec-1"       daemon [_thread_blocked, id=10632, stack(0x000000d721b00000,0x000000d721c00000) (1024K)]
  0x00000297e8345a80 JavaThread "http-nio-8761-exec-2"       daemon [_thread_blocked, id=18112, stack(0x000000d721c00000,0x000000d721d00000) (1024K)]
  0x00000297e8349c50 JavaThread "http-nio-8761-exec-3"       daemon [_thread_blocked, id=15592, stack(0x000000d721d00000,0x000000d721e00000) (1024K)]
  0x00000297e834aaf0 JavaThread "http-nio-8761-exec-4"       daemon [_thread_blocked, id=15992, stack(0x000000d721e00000,0x000000d721f00000) (1024K)]
  0x00000297e8349500 JavaThread "http-nio-8761-exec-5"       daemon [_thread_blocked, id=11232, stack(0x000000d721f00000,0x000000d722000000) (1024K)]
  0x00000297e834b240 JavaThread "http-nio-8761-exec-6"       daemon [_thread_blocked, id=7028, stack(0x000000d722000000,0x000000d722100000) (1024K)]
  0x00000297e834c0e0 JavaThread "http-nio-8761-exec-7"       daemon [_thread_blocked, id=5456, stack(0x000000d722100000,0x000000d722200000) (1024K)]
  0x00000297e834b990 JavaThread "http-nio-8761-exec-8"       daemon [_thread_blocked, id=7940, stack(0x000000d722200000,0x000000d722300000) (1024K)]
  0x00000297e834c830 JavaThread "http-nio-8761-exec-9"       daemon [_thread_blocked, id=16344, stack(0x000000d722300000,0x000000d722400000) (1024K)]
  0x00000297e834a3a0 JavaThread "http-nio-8761-exec-10"      daemon [_thread_blocked, id=14844, stack(0x000000d722400000,0x000000d722500000) (1024K)]
  0x00000297e83477c0 JavaThread "http-nio-8761-Poller"       daemon [_thread_in_native, id=5704, stack(0x000000d721a00000,0x000000d721b00000) (1024K)]
  0x00000297a2756720 JavaThread "http-nio-8761-Acceptor"     daemon [_thread_in_native, id=14304, stack(0x000000d722500000,0x000000d722600000) (1024K)]
Total: 60

Other Threads:
  0x00000297a1f146c0 VMThread "VM Thread"                           [id=7584, stack(0x000000d71dd00000,0x000000d71de00000) (1024K)]
  0x00000297a1f054e0 WatcherThread "VM Periodic Task Thread"        [id=18936, stack(0x000000d71dc00000,0x000000d71dd00000) (1024K)]
  0x0000029782f9aea0 WorkerThread "GC Thread#0"                     [id=16276, stack(0x000000d71d700000,0x000000d71d800000) (1024K)]
  0x00000297e8cfa660 WorkerThread "GC Thread#1"                     [id=17208, stack(0x000000d71eb00000,0x000000d71ec00000) (1024K)]
  0x00000297e8cfae20 WorkerThread "GC Thread#2"                     [id=18088, stack(0x000000d71ec00000,0x000000d71ed00000) (1024K)]
  0x00000297e8cfb9f0 WorkerThread "GC Thread#3"                     [id=17056, stack(0x000000d71ed00000,0x000000d71ee00000) (1024K)]
  0x00000297e8ccf550 WorkerThread "GC Thread#4"                     [id=2596, stack(0x000000d71ee00000,0x000000d71ef00000) (1024K)]
  0x00000297e8ccfd10 WorkerThread "GC Thread#5"                     [id=19112, stack(0x000000d71ef00000,0x000000d71f000000) (1024K)]
  0x00000297e926f960 WorkerThread "GC Thread#6"                     [id=2968, stack(0x000000d71f300000,0x000000d71f400000) (1024K)]
  0x00000297e926f5b0 WorkerThread "GC Thread#7"                     [id=17132, stack(0x000000d71f400000,0x000000d71f500000) (1024K)]
  0x0000029782fafaf0 ConcurrentGCThread "G1 Main Marker"            [id=11800, stack(0x000000d71d800000,0x000000d71d900000) (1024K)]
  0x0000029782fb2700 WorkerThread "G1 Conc#0"                       [id=7364, stack(0x000000d71d900000,0x000000d71da00000) (1024K)]
  0x00000297e926df90 WorkerThread "G1 Conc#1"                       [id=18812, stack(0x000000d71f500000,0x000000d71f600000) (1024K)]
  0x0000029782fde6b0 ConcurrentGCThread "G1 Refine#0"               [id=17400, stack(0x000000d71da00000,0x000000d71db00000) (1024K)]
  0x00000297a1dbe0e0 ConcurrentGCThread "G1 Service"                [id=15768, stack(0x000000d71db00000,0x000000d71dc00000) (1024K)]
Total: 15

Threads with active compile tasks:
C2 CompilerThread0  9601033 14238       4       org.glassfish.jersey.message.internal.CommittingOutputStream::commitStream (64 bytes)
Total: 1

VM state: not at safepoint (normal execution)

VM Mutex/Monitor currently owned by a thread: None

Heap address: 0x0000000703a00000, size: 4038 MB, Compressed Oops mode: Zero based, Oop shift amount: 3

CDS archive(s) mapped at: [0x00000297a3000000-0x00000297a3d40000-0x00000297a3d40000), size 13893632, SharedBaseAddress: 0x00000297a3000000, ArchiveRelocationMode: 1.
Compressed class space mapped at: 0x00000297a4000000-0x00000297e4000000, reserved size: 1073741824
UseCompressedClassPointers 1, UseCompactObjectHeaders 0
Narrow klass pointer bits 32, Max shift 3
Narrow klass base: 0x00000297a3000000, Narrow klass shift: 0
Encoding Range: [0x00000297a3000000 - 0x00000298a3000000), (4294967296 bytes)
Klass Range:    [0x00000297a3000000 - 0x00000297e4000000), (1090519040 bytes)
Klass ID Range:  [8 - 1090519033) (1090519025)

GC Precious Log:
 CardTable entry size: 512
 Card Set container configuration: InlinePtr #cards 4 size 8 Array Of Cards #cards 16 size 48 Howl #buckets 8 coarsen threshold 3686 Howl Bitmap #cards 512 size 80 coarsen threshold 460 Card regions per heap region 1 cards per card region 4096
 CPUs: 8 total, 8 available
 Memory: 16144M
 Large Page Support: Disabled
 NUMA Support: Disabled
 Compressed Oops: Enabled (Zero based)
 Heap Region Size: 2M
 Heap Min Capacity: 8M
 Heap Initial Capacity: 254M
 Heap Max Capacity: 4038M
 Pre-touch: Disabled
 Parallel Workers: 8
 Concurrent Workers: 2
 Concurrent Refinement Workers: 8
 Periodic GC: Disabled

Heap:
 garbage-first heap   total reserved 4134912K, committed 108544K, used 75873K [0x0000000703a00000, 0x0000000800000000)
  region size 2048K, 16 young (32768K), 1 survivors (2048K)
 Metaspace       used 72566K, committed 73280K, reserved 1179648K
  class space    used 7616K, committed 8000K, reserved 1048576K

Heap Regions: E=young(eden), S=young(survivor), O=old, HS=humongous(starts), HC=humongous(continues), CS=collection set, F=free, TAMS=top-at-mark-start, PB=parsable bottom
|   0|0x0000000703a00000, 0x0000000703bff450, 0x0000000703c00000| 99%| O|  |TAMS 0x0000000703a00000| PB 0x0000000703a00000| Untracked |  0
|   1|0x0000000703c00000, 0x0000000703dff150, 0x0000000703e00000| 99%| O|  |TAMS 0x0000000703c00000| PB 0x0000000703c00000| Untracked |  0
|   2|0x0000000703e00000, 0x0000000703e00000, 0x0000000704000000|  0%| F|  |TAMS 0x0000000703e00000| PB 0x0000000703e00000| Untracked |  0
|   3|0x0000000704000000, 0x0000000704200000, 0x0000000704200000|100%| O|  |TAMS 0x0000000704000000| PB 0x0000000704000000| Untracked |  0
|   4|0x0000000704200000, 0x0000000704200000, 0x0000000704400000|  0%| F|  |TAMS 0x0000000704200000| PB 0x0000000704200000| Untracked |  0
|   5|0x0000000704400000, 0x0000000704400000, 0x0000000704600000|  0%| F|  |TAMS 0x0000000704400000| PB 0x0000000704400000| Untracked |  0
|   6|0x0000000704600000, 0x00000007047ffff0, 0x0000000704800000| 99%| O|  |TAMS 0x0000000704600000| PB 0x0000000704600000| Untracked |  0
|   7|0x0000000704800000, 0x00000007049ffff0, 0x0000000704a00000| 99%| O|  |TAMS 0x0000000704800000| PB 0x0000000704800000| Untracked |  0
|   8|0x0000000704a00000, 0x0000000704a00000, 0x0000000704c00000|  0%| F|  |TAMS 0x0000000704a00000| PB 0x0000000704a00000| Untracked |  0
|   9|0x0000000704c00000, 0x0000000704dffff8, 0x0000000704e00000| 99%| O|  |TAMS 0x0000000704c00000| PB 0x0000000704c00000| Untracked |  0
|  10|0x0000000704e00000, 0x0000000705000000, 0x0000000705000000|100%| O|  |TAMS 0x0000000704e00000| PB 0x0000000704e00000| Untracked |  0
|  11|0x0000000705000000, 0x00000007051ffff8, 0x0000000705200000| 99%| O|  |TAMS 0x0000000705000000| PB 0x0000000705000000| Untracked |  0
|  12|0x0000000705200000, 0x00000007053fffc0, 0x0000000705400000| 99%| O|  |TAMS 0x0000000705200000| PB 0x0000000705200000| Untracked |  0
|  13|0x0000000705400000, 0x0000000705600000, 0x0000000705600000|100%| O|  |TAMS 0x0000000705400000| PB 0x0000000705400000| Untracked |  0
|  14|0x0000000705600000, 0x00000007057fffb8, 0x0000000705800000| 99%| O|  |TAMS 0x0000000705600000| PB 0x0000000705600000| Untracked |  0
|  15|0x0000000705800000, 0x00000007059fff48, 0x0000000705a00000| 99%| O|  |TAMS 0x0000000705800000| PB 0x0000000705800000| Untracked |  0
|  16|0x0000000705a00000, 0x0000000705bfd5c0, 0x0000000705c00000| 99%| O|  |TAMS 0x0000000705a00000| PB 0x0000000705a00000| Untracked |  0
|  17|0x0000000705c00000, 0x0000000705e00000, 0x0000000705e00000|100%| O|  |TAMS 0x0000000705c00000| PB 0x0000000705c00000| Untracked |  0
|  18|0x0000000705e00000, 0x0000000705ffffa8, 0x0000000706000000| 99%| O|  |TAMS 0x0000000705e00000| PB 0x0000000705e00000| Untracked |  0
|  19|0x0000000706000000, 0x0000000706200000, 0x0000000706200000|100%| O|  |TAMS 0x0000000706000000| PB 0x0000000706000000| Untracked |  0
|  20|0x0000000706200000, 0x0000000706400000, 0x0000000706400000|100%| O|  |TAMS 0x0000000706200000| PB 0x0000000706200000| Untracked |  0
|  21|0x0000000706400000, 0x0000000706400000, 0x0000000706600000|  0%| F|  |TAMS 0x0000000706400000| PB 0x0000000706400000| Untracked |  0
|  22|0x0000000706600000, 0x0000000706800000, 0x0000000706800000|100%| O|  |TAMS 0x0000000706600000| PB 0x0000000706600000| Untracked |  0
|  23|0x0000000706800000, 0x0000000706800000, 0x0000000706a00000|  0%| F|  |TAMS 0x0000000706800000| PB 0x0000000706800000| Untracked |  0
|  24|0x0000000706a00000, 0x0000000706c00000, 0x0000000706c00000|100%| O|  |TAMS 0x0000000706a00000| PB 0x0000000706a00000| Untracked |  0
|  25|0x0000000706c00000, 0x0000000706c48be8, 0x0000000706e00000| 14%| O|  |TAMS 0x0000000706c00000| PB 0x0000000706c00000| Untracked |  0
|  26|0x0000000706e00000, 0x0000000706fd3fc0, 0x0000000707000000| 91%| S|CS|TAMS 0x0000000706e00000| PB 0x0000000706e00000| Complete |  0
|  27|0x0000000707000000, 0x0000000707000000, 0x0000000707200000|  0%| F|  |TAMS 0x0000000707000000| PB 0x0000000707000000| Untracked |  0
|  28|0x0000000707200000, 0x0000000707400000, 0x0000000707400000|100%| O|  |TAMS 0x0000000707200000| PB 0x0000000707200000| Untracked |  0
|  29|0x0000000707400000, 0x0000000707600000, 0x0000000707600000|100%| O|  |TAMS 0x0000000707400000| PB 0x0000000707400000| Untracked |  0
|  30|0x0000000707600000, 0x0000000707800000, 0x0000000707800000|100%| O|  |TAMS 0x0000000707600000| PB 0x0000000707600000| Untracked |  0
|  31|0x0000000707800000, 0x0000000707800000, 0x0000000707a00000|  0%| F|  |TAMS 0x0000000707800000| PB 0x0000000707800000| Untracked |  0
|  32|0x0000000707a00000, 0x0000000707a00000, 0x0000000707c00000|  0%| F|  |TAMS 0x0000000707a00000| PB 0x0000000707a00000| Untracked |  0
|  33|0x0000000707c00000, 0x0000000707c00000, 0x0000000707e00000|  0%| F|  |TAMS 0x0000000707c00000| PB 0x0000000707c00000| Untracked |  0
|  34|0x0000000707e00000, 0x0000000707e00000, 0x0000000708000000|  0%| F|  |TAMS 0x0000000707e00000| PB 0x0000000707e00000| Untracked |  0
|  35|0x0000000708000000, 0x0000000708000000, 0x0000000708200000|  0%| F|  |TAMS 0x0000000708000000| PB 0x0000000708000000| Untracked |  0
|  36|0x0000000708200000, 0x0000000708200000, 0x0000000708400000|  0%| F|  |TAMS 0x0000000708200000| PB 0x0000000708200000| Untracked |  0
|  37|0x0000000708400000, 0x0000000708400000, 0x0000000708600000|  0%| F|  |TAMS 0x0000000708400000| PB 0x0000000708400000| Untracked |  0
|  38|0x0000000708600000, 0x0000000708627f50, 0x0000000708800000|  7%| E|  |TAMS 0x0000000708600000| PB 0x0000000708600000| Complete |  0
|  39|0x0000000708800000, 0x0000000708a00000, 0x0000000708a00000|100%| E|CS|TAMS 0x0000000708800000| PB 0x0000000708800000| Complete |  0
|  40|0x0000000708a00000, 0x0000000708c00000, 0x0000000708c00000|100%| E|CS|TAMS 0x0000000708a00000| PB 0x0000000708a00000| Complete |  0
|  41|0x0000000708c00000, 0x0000000708e00000, 0x0000000708e00000|100%| E|CS|TAMS 0x0000000708c00000| PB 0x0000000708c00000| Complete |  0
|  42|0x0000000708e00000, 0x0000000709000000, 0x0000000709000000|100%| E|CS|TAMS 0x0000000708e00000| PB 0x0000000708e00000| Complete |  0
|  43|0x0000000709000000, 0x0000000709200000, 0x0000000709200000|100%| E|CS|TAMS 0x0000000709000000| PB 0x0000000709000000| Complete |  0
|  44|0x0000000709200000, 0x0000000709400000, 0x0000000709400000|100%| E|CS|TAMS 0x0000000709200000| PB 0x0000000709200000| Complete |  0
|  45|0x0000000709400000, 0x0000000709600000, 0x0000000709600000|100%| E|CS|TAMS 0x0000000709400000| PB 0x0000000709400000| Complete |  0
|  89|0x000000070ec00000, 0x000000070ee00000, 0x000000070ee00000|100%| E|CS|TAMS 0x000000070ec00000| PB 0x000000070ec00000| Complete |  0
|  90|0x000000070ee00000, 0x000000070f000000, 0x000000070f000000|100%| E|CS|TAMS 0x000000070ee00000| PB 0x000000070ee00000| Complete |  0
|  91|0x000000070f000000, 0x000000070f200000, 0x000000070f200000|100%| E|CS|TAMS 0x000000070f000000| PB 0x000000070f000000| Complete |  0
|  92|0x000000070f200000, 0x000000070f400000, 0x000000070f400000|100%| E|CS|TAMS 0x000000070f200000| PB 0x000000070f200000| Complete |  0
|  93|0x000000070f400000, 0x000000070f600000, 0x000000070f600000|100%| E|CS|TAMS 0x000000070f400000| PB 0x000000070f400000| Complete |  0
| 126|0x0000000713600000, 0x0000000713800000, 0x0000000713800000|100%| E|CS|TAMS 0x0000000713600000| PB 0x0000000713600000| Complete |  0
|2018|0x00000007ffe00000, 0x0000000800000000, 0x0000000800000000|100%| E|CS|TAMS 0x00000007ffe00000| PB 0x00000007ffe00000| Complete |  0

Card table byte_map: [0x000002979b3f0000,0x000002979bbe0000] _byte_map_base: 0x0000029797bd3000

Marking Bits: (CMBitMap*) 0x0000029782f9b5b0
 Bits: [0x000002979bbe0000, 0x000002979faf8000)

Polling page: 0x0000029780cf0000

Metaspace:

Usage:
  Non-class:     63.43 MB used.
      Class:      7.44 MB used.
       Both:     70.87 MB used.

Virtual space:
  Non-class space:      128.00 MB reserved,      63.75 MB ( 50%) committed,  2 nodes.
      Class space:        1.00 GB reserved,       7.81 MB ( <1%) committed,  1 nodes.
             Both:        1.12 GB reserved,      71.56 MB (  6%) committed. 

Chunk freelists:
   Non-Class:  15.80 MB
       Class:  8.22 MB
        Both:  24.01 MB

MaxMetaspaceSize: unlimited
CompressedClassSpaceSize: 1.00 GB
Initial GC threshold: 21.00 MB
Current GC threshold: 118.75 MB
CDS: on
 - commit_granule_bytes: 65536.
 - commit_granule_words: 8192.
 - virtual_space_node_default_size: 8388608.
 - enlarge_chunks_in_place: 1.
UseCompressedClassPointers 1, UseCompactObjectHeaders 0
Narrow klass pointer bits 32, Max shift 3
Narrow klass base: 0x00000297a3000000, Narrow klass shift: 0
Encoding Range: [0x00000297a3000000 - 0x00000298a3000000), (4294967296 bytes)
Klass Range:    [0x00000297a3000000 - 0x00000297e4000000), (1090519040 bytes)
Klass ID Range:  [8 - 1090519033) (1090519025)


Internal statistics:

num_allocs_failed_limit: 6.
num_arena_births: 1082.
num_arena_deaths: 314.
num_vsnodes_births: 3.
num_vsnodes_deaths: 0.
num_space_committed: 1144.
num_space_uncommitted: 0.
num_chunks_returned_to_freelist: 332.
num_chunks_taken_from_freelist: 3781.
num_chunk_merges: 79.
num_chunk_splits: 2542.
num_chunks_enlarged: 1967.
num_inconsistent_stats: 0.

CodeHeap 'non-profiled nmethods': size=120064Kb used=6310Kb max_used=6310Kb free=113754Kb
 bounds [0x0000029793280000, 0x00000297938b0000, 0x000002979a7c0000]
CodeHeap 'profiled nmethods': size=120000Kb used=20633Kb max_used=21176Kb free=99366Kb
 bounds [0x000002978b7c0000, 0x000002978cc90000, 0x0000029792cf0000]
CodeHeap 'non-nmethods': size=5696Kb used=1547Kb max_used=1660Kb free=4148Kb
 bounds [0x0000029792cf0000, 0x0000029792f60000, 0x0000029793280000]
CodeCache: size=245760Kb, used=28490Kb, max_used=29146Kb, free=217268Kb
 total_blobs=11549, nmethods=10840, adapters=613, full_count=0
Compilation: enabled, stopped_count=0, restarted_count=0

Compilation events (20 events):
Event: 9468.298 Thread 0x00000297a25989c0 nmethod 14228 0x00000297938a2d88 code [0x00000297938a2e80, 0x00000297938a2f50]
Event: 9489.910 Thread 0x00000297a25989c0 14229       4       java.util.concurrent.CopyOnWriteArraySet::iterator (8 bytes)
Event: 9489.911 Thread 0x00000297a25989c0 nmethod 14229 0x00000297938a3088 code [0x00000297938a31a0, 0x00000297938a33d0]
Event: 9490.437 Thread 0x00000297a25989c0 14230       4       com.fasterxml.jackson.core.json.JsonWriteContext::<init> (49 bytes)
Event: 9490.438 Thread 0x00000297a25989c0 nmethod 14230 0x00000297938a3488 code [0x00000297938a35a0, 0x00000297938a3a08]
Event: 9498.329 Thread 0x00000297a25989c0 14231       4       java.util.ArrayDeque::iterator (9 bytes)
Event: 9498.330 Thread 0x00000297a25989c0 nmethod 14231 0x00000297938a3a88 code [0x00000297938a3ba0, 0x00000297938a3cd8]
Event: 9508.524 Thread 0x00000297a25989c0 14232       4       java.util.IdentityHashMap::keySet (25 bytes)
Event: 9508.525 Thread 0x00000297a25989c0 nmethod 14232 0x00000297938a3d88 code [0x00000297938a3ea0, 0x00000297938a40b0]
Event: 9517.985 Thread 0x00000297a25989c0 14233       4       com.fasterxml.jackson.core.util.ReadConstrainedTextBuffer::validateStringLength (9 bytes)
Event: 9517.986 Thread 0x00000297a25989c0 nmethod 14233 0x00000297938a4108 code [0x00000297938a4200, 0x00000297938a42b8]
Event: 9558.361 Thread 0x00000297a25989c0 14234       4       java.util.Collections::singletonList (9 bytes)
Event: 9558.363 Thread 0x00000297a25989c0 nmethod 14234 0x00000297938a4408 code [0x00000297938a4500, 0x00000297938a45d8]
Event: 9577.583 Thread 0x00000297a25989c0 14235       4       org.apache.coyote.http11.Http11OutputBuffer::end (48 bytes)
Event: 9577.677 Thread 0x00000297a25989c0 nmethod 14235 0x00000297938a4708 code [0x00000297938a4ba0, 0x00000297938a8240]
Event: 9588.412 Thread 0x00000297a25989c0 14236       4       org.apache.tomcat.util.http.parser.HttpParser::skipConstant (84 bytes)
Event: 9588.423 Thread 0x00000297a25989c0 nmethod 14236 0x00000297938a8788 code [0x00000297938a8940, 0x00000297938a93e8]
Event: 9598.608 Thread 0x00000297a25989c0 14237       4       sun.util.calendar.CalendarDate::setZone (7 bytes)
Event: 9598.610 Thread 0x00000297a25989c0 nmethod 14237 0x00000297938a9508 code [0x00000297938a9600, 0x00000297938a9798]
Event: 9598.610 Thread 0x00000297a25989c0 14238       4       org.glassfish.jersey.message.internal.CommittingOutputStream::commitStream (64 bytes)

GC Heap History (20 events):
Event: 128.384 GC heap before
{Heap before GC invocations=16 (full 1):
 garbage-first heap   total reserved 4134912K, committed 108544K, used 87226K [0x0000000703a00000, 0x0000000800000000)
  region size 2048K, 22 young (45056K), 0 survivors (0K)
 Metaspace       used 64696K, committed 65408K, reserved 1114112K
  class space    used 7142K, committed 7424K, reserved 1048576K
}
Event: 128.390 GC heap after
{Heap after GC invocations=17 (full 1):
 garbage-first heap   total reserved 4134912K, committed 108544K, used 48769K [0x0000000703a00000, 0x0000000800000000)
  region size 2048K, 3 young (6144K), 3 survivors (6144K)
 Metaspace       used 64696K, committed 65408K, reserved 1114112K
  class space    used 7142K, committed 7424K, reserved 1048576K
}
Event: 128.677 GC heap before
{Heap before GC invocations=18 (full 1):
 garbage-first heap   total reserved 4134912K, committed 108544K, used 87681K [0x0000000703a00000, 0x0000000800000000)
  region size 2048K, 22 young (45056K), 3 survivors (6144K)
 Metaspace       used 64973K, committed 65600K, reserved 1114112K
  class space    used 7147K, committed 7424K, reserved 1048576K
}
Event: 128.682 GC heap after
{Heap after GC invocations=19 (full 1):
 garbage-first heap   total reserved 4134912K, committed 108544K, used 50503K [0x0000000703a00000, 0x0000000800000000)
  region size 2048K, 1 young (2048K), 1 survivors (2048K)
 Metaspace       used 64973K, committed 65600K, reserved 1114112K
  class space    used 7147K, committed 7424K, reserved 1048576K
}
Event: 279.280 GC heap before
{Heap before GC invocations=19 (full 1):
 garbage-first heap   total reserved 4134912K, committed 108544K, used 89415K [0x0000000703a00000, 0x0000000800000000)
  region size 2048K, 20 young (40960K), 1 survivors (2048K)
 Metaspace       used 69114K, committed 69824K, reserved 1114112K
  class space    used 7645K, committed 7936K, reserved 1048576K
}
Event: 279.284 GC heap after
{Heap after GC invocations=20 (full 1):
 garbage-first heap   total reserved 4134912K, committed 108544K, used 54232K [0x0000000703a00000, 0x0000000800000000)
  region size 2048K, 3 young (6144K), 3 survivors (6144K)
 Metaspace       used 69114K, committed 69824K, reserved 1114112K
  class space    used 7645K, committed 7936K, reserved 1048576K
}
Event: 2015.038 GC heap before
{Heap before GC invocations=20 (full 1):
 garbage-first heap   total reserved 4134912K, committed 108544K, used 87000K [0x0000000703a00000, 0x0000000800000000)
  region size 2048K, 20 young (40960K), 3 survivors (6144K)
 Metaspace       used 70187K, committed 70912K, reserved 1114112K
  class space    used 7671K, committed 8000K, reserved 1048576K
}
Event: 2015.042 GC heap after
{Heap after GC invocations=21 (full 1):
 garbage-first heap   total reserved 4134912K, committed 108544K, used 55442K [0x0000000703a00000, 0x0000000800000000)
  region size 2048K, 1 young (2048K), 1 survivors (2048K)
 Metaspace       used 70187K, committed 70912K, reserved 1114112K
  class space    used 7671K, committed 8000K, reserved 1048576K
}
Event: 3544.958 GC heap before
{Heap before GC invocations=22 (full 1):
 garbage-first heap   total reserved 4134912K, committed 108544K, used 94354K [0x0000000703a00000, 0x0000000800000000)
  region size 2048K, 20 young (40960K), 1 survivors (2048K)
 Metaspace       used 71186K, committed 71936K, reserved 1114112K
  class space    used 7678K, committed 8000K, reserved 1048576K
}
Event: 3544.960 GC heap after
{Heap after GC invocations=23 (full 1):
 garbage-first heap   total reserved 4134912K, committed 108544K, used 55463K [0x0000000703a00000, 0x0000000800000000)
  region size 2048K, 1 young (2048K), 1 survivors (2048K)
 Metaspace       used 71186K, committed 71936K, reserved 1114112K
  class space    used 7678K, committed 8000K, reserved 1048576K
}
Event: 4751.445 GC heap before
{Heap before GC invocations=23 (full 1):
 garbage-first heap   total reserved 4134912K, committed 108544K, used 94375K [0x0000000703a00000, 0x0000000800000000)
  region size 2048K, 20 young (40960K), 1 survivors (2048K)
 Metaspace       used 71967K, committed 72704K, reserved 1114112K
  class space    used 7694K, committed 8000K, reserved 1048576K
}
Event: 4751.450 GC heap after
{Heap after GC invocations=24 (full 1):
 garbage-first heap   total reserved 4134912K, committed 108544K, used 55843K [0x0000000703a00000, 0x0000000800000000)
  region size 2048K, 1 young (2048K), 1 survivors (2048K)
 Metaspace       used 71967K, committed 72704K, reserved 1114112K
  class space    used 7694K, committed 8000K, reserved 1048576K
}
Event: 5754.150 GC heap before
{Heap before GC invocations=24 (full 1):
 garbage-first heap   total reserved 4134912K, committed 108544K, used 94755K [0x0000000703a00000, 0x0000000800000000)
  region size 2048K, 20 young (40960K), 1 survivors (2048K)
 Metaspace       used 72242K, committed 72960K, reserved 1114112K
  class space    used 7695K, committed 8000K, reserved 1048576K
}
Event: 5754.153 GC heap after
{Heap after GC invocations=25 (full 1):
 garbage-first heap   total reserved 4134912K, committed 108544K, used 55703K [0x0000000703a00000, 0x0000000800000000)
  region size 2048K, 1 young (2048K), 1 survivors (2048K)
 Metaspace       used 72242K, committed 72960K, reserved 1114112K
  class space    used 7695K, committed 8000K, reserved 1048576K
}
Event: 6700.278 GC heap before
{Heap before GC invocations=26 (full 1):
 garbage-first heap   total reserved 4134912K, committed 108544K, used 92567K [0x0000000703a00000, 0x0000000800000000)
  region size 2048K, 20 young (40960K), 1 survivors (2048K)
 Metaspace       used 72204K, committed 73088K, reserved 1179648K
  class space    used 7613K, committed 8000K, reserved 1048576K
}
Event: 6700.287 GC heap after
{Heap after GC invocations=27 (full 1):
 garbage-first heap   total reserved 4134912K, committed 108544K, used 55653K [0x0000000703a00000, 0x0000000800000000)
  region size 2048K, 1 young (2048K), 1 survivors (2048K)
 Metaspace       used 72204K, committed 73088K, reserved 1179648K
  class space    used 7613K, committed 8000K, reserved 1048576K
}
Event: 7779.581 GC heap before
{Heap before GC invocations=27 (full 1):
 garbage-first heap   total reserved 4134912K, committed 108544K, used 92517K [0x0000000703a00000, 0x0000000800000000)
  region size 2048K, 20 young (40960K), 1 survivors (2048K)
 Metaspace       used 72521K, committed 73280K, reserved 1179648K
  class space    used 7615K, committed 8000K, reserved 1048576K
}
Event: 7779.591 GC heap after
{Heap after GC invocations=28 (full 1):
 garbage-first heap   total reserved 4134912K, committed 108544K, used 51030K [0x0000000703a00000, 0x0000000800000000)
  region size 2048K, 1 young (2048K), 1 survivors (2048K)
 Metaspace       used 72521K, committed 73280K, reserved 1179648K
  class space    used 7615K, committed 8000K, reserved 1048576K
}
Event: 8827.435 GC heap before
{Heap before GC invocations=28 (full 1):
 garbage-first heap   total reserved 4134912K, committed 108544K, used 94038K [0x0000000703a00000, 0x0000000800000000)
  region size 2048K, 23 young (47104K), 1 survivors (2048K)
 Metaspace       used 72556K, committed 73280K, reserved 1179648K
  class space    used 7616K, committed 8000K, reserved 1048576K
}
Event: 8827.446 GC heap after
{Heap after GC invocations=29 (full 1):
 garbage-first heap   total reserved 4134912K, committed 108544K, used 47201K [0x0000000703a00000, 0x0000000800000000)
  region size 2048K, 1 young (2048K), 1 survivors (2048K)
 Metaspace       used 72556K, committed 73280K, reserved 1179648K
  class space    used 7616K, committed 8000K, reserved 1048576K
}

Dll operation events (13 events):
Event: 0.011 Loaded shared library C:\Users\Windows\.jdks\openjdk-24.0.1\bin\java.dll
Event: 0.039 Loaded shared library C:\Users\Windows\.jdks\openjdk-24.0.1\bin\jsvml.dll
Event: 0.178 Loaded shared library C:\Users\Windows\.jdks\openjdk-24.0.1\bin\zip.dll
Event: 0.180 Loaded shared library C:\Users\Windows\.jdks\openjdk-24.0.1\bin\instrument.dll
Event: 0.184 Loaded shared library C:\Users\Windows\.jdks\openjdk-24.0.1\bin\net.dll
Event: 0.186 Loaded shared library C:\Users\Windows\.jdks\openjdk-24.0.1\bin\nio.dll
Event: 0.188 Loaded shared library C:\Users\Windows\.jdks\openjdk-24.0.1\bin\zip.dll
Event: 0.298 Loaded shared library C:\Users\Windows\.jdks\openjdk-24.0.1\bin\extnet.dll
Event: 0.319 Loaded shared library C:\Users\Windows\.jdks\openjdk-24.0.1\bin\jimage.dll
Event: 0.866 Loaded shared library C:\Users\Windows\.jdks\openjdk-24.0.1\bin\management.dll
Event: 0.868 Loaded shared library C:\Users\Windows\.jdks\openjdk-24.0.1\bin\management_ext.dll
Event: 1.771 Loaded shared library C:\Users\Windows\.jdks\openjdk-24.0.1\bin\sunmscapi.dll
Event: 3.853 Loaded shared library C:\Users\Windows\.jdks\openjdk-24.0.1\bin\verify.dll

Deoptimization events (20 events):
Event: 7906.560 Thread 0x00000297e8349500 Uncommon trap: trap_request=0xfffffff4 fr.pc=0x00000297934fa75c relative=0x000000000000177c
Event: 7906.560 Thread 0x00000297e8349500 Uncommon trap: reason=null_check action=make_not_entrant pc=0x00000297934fa75c method=java.util.jar.JarFile.getManifestFromReference()Ljava/util/jar/Manifest; @ 14 c2
Event: 7906.560 Thread 0x00000297e8349500 DEOPT PACKING pc=0x00000297934fa75c sp=0x000000d721ff6a20
Event: 7906.560 Thread 0x00000297e8349500 DEOPT UNPACKING pc=0x0000029792e05882 sp=0x000000d721ff69e0 mode 2
Event: 8176.109 Thread 0x00000297e8349500 DEOPT PACKING pc=0x000002978c26b5b3 sp=0x000000d721ffe7f0
Event: 8176.109 Thread 0x00000297e8349500 DEOPT UNPACKING pc=0x0000029792d45722 sp=0x000000d721ffdca8 mode 0
Event: 8427.315 Thread 0x00000297e8345a80 DEOPT PACKING pc=0x000002978c26b5b3 sp=0x000000d721cfebb0
Event: 8427.315 Thread 0x00000297e834a3a0 DEOPT PACKING pc=0x000002978c26b5b3 sp=0x000000d7224fe710
Event: 8427.315 Thread 0x00000297e8345a80 DEOPT UNPACKING pc=0x0000029792d45722 sp=0x000000d721cfe068 mode 0
Event: 8427.315 Thread 0x00000297e834a3a0 DEOPT UNPACKING pc=0x0000029792d45722 sp=0x000000d7224fdbc8 mode 0
Event: 8809.510 Thread 0x00000297e8345a80 Uncommon trap: trap_request=0xffffff4d fr.pc=0x00000297937a5804 relative=0x0000000000000104
Event: 8809.510 Thread 0x00000297e8345a80 Uncommon trap: reason=unstable_if action=reinterpret pc=0x00000297937a5804 method=java.util.concurrent.locks.ReentrantLock$Sync.tryLock()Z @ 19 c2
Event: 8809.510 Thread 0x00000297e8345a80 DEOPT PACKING pc=0x00000297937a5804 sp=0x000000d721cfc8c0
Event: 8809.510 Thread 0x00000297e8345a80 DEOPT UNPACKING pc=0x0000029792e05882 sp=0x000000d721cfc838 mode 2
Event: 8919.420 Thread 0x00000297e834b240 DEOPT PACKING pc=0x000002978c26b611 sp=0x000000d7220fe7a0
Event: 8919.420 Thread 0x00000297e834b240 DEOPT UNPACKING pc=0x0000029792d45722 sp=0x000000d7220fdc58 mode 0
Event: 8919.935 Thread 0x00000297ec6080a0 Uncommon trap: trap_request=0xffffff4d fr.pc=0x000002979373f570 relative=0x00000000000002b0
Event: 8919.935 Thread 0x00000297ec6080a0 Uncommon trap: reason=unstable_if action=reinterpret pc=0x000002979373f570 method=java.util.concurrent.locks.AbstractQueuedSynchronizer$ConditionObject.doSignal(Ljava/util/concurrent/locks/AbstractQueuedSynchronizer$ConditionNode;Z)V @ 38 c2
Event: 8919.935 Thread 0x00000297ec6080a0 DEOPT PACKING pc=0x000002979373f570 sp=0x000000d7201ff120
Event: 8919.935 Thread 0x00000297ec6080a0 DEOPT UNPACKING pc=0x0000029792e05882 sp=0x000000d7201ff0b0 mode 2

Classes loaded (20 events):
Event: 279.313 Loading class java/util/LinkedHashMap$EntryCustomizer
Event: 279.313 Loading class java/util/LinkedHashMap$EntryCustomizer done
Event: 279.315 Loading class java/lang/EnumBeanInfo
Event: 279.315 Loading class java/lang/EnumBeanInfo done
Event: 279.315 Loading class java/lang/EnumBeanInfo
Event: 279.315 Loading class java/lang/EnumBeanInfo done
Event: 279.315 Loading class java/lang/EnumCustomizer
Event: 279.315 Loading class java/lang/EnumCustomizer done
Event: 279.316 Loading class java/lang/EnumCustomizer
Event: 279.316 Loading class java/lang/EnumCustomizer done
Event: 279.316 Loading class sun/reflect/generics/tree/IntSignature
Event: 279.316 Loading class sun/reflect/generics/tree/IntSignature done
Event: 279.316 Loading class java/lang/Enum$EnumDesc
Event: 279.316 Loading class java/lang/Enum$EnumDesc done
Event: 294.931 Loading class java/util/concurrent/locks/ReentrantReadWriteLock$Sync$HoldCounter
Event: 294.931 Loading class java/util/concurrent/locks/ReentrantReadWriteLock$Sync$HoldCounter done
Event: 331.189 Loading class java/util/TreeMap$EntrySpliterator
Event: 331.190 Loading class java/util/TreeMap$EntrySpliterator done
Event: 477.818 Loading class sun/net/ConnectionResetException
Event: 477.818 Loading class sun/net/ConnectionResetException done

Classes unloaded (20 events):
Event: 5754.215 Thread 0x00000297a1f146c0 Unloading class 0x00000297a4141800 'java/lang/invoke/LambdaForm$MH+0x00000297a4141800'
Event: 5754.215 Thread 0x00000297a1f146c0 Unloading class 0x00000297a413b000 'java/lang/invoke/LambdaForm$DMH+0x00000297a413b000'
Event: 5754.215 Thread 0x00000297a1f146c0 Unloading class 0x00000297a413a800 'java/lang/invoke/LambdaForm$DMH+0x00000297a413a800'
Event: 5754.215 Thread 0x00000297a1f146c0 Unloading class 0x00000297a413a000 'java/lang/invoke/LambdaForm$DMH+0x00000297a413a000'
Event: 5754.215 Thread 0x00000297a1f146c0 Unloading class 0x00000297a4139000 'java/lang/invoke/LambdaForm$DMH+0x00000297a4139000'
Event: 5754.215 Thread 0x00000297a1f146c0 Unloading class 0x00000297a4112c00 'java/lang/invoke/LambdaForm$MH+0x00000297a4112c00'
Event: 5754.215 Thread 0x00000297a1f146c0 Unloading class 0x00000297a4112800 'java/lang/invoke/LambdaForm$MH+0x00000297a4112800'
Event: 5754.215 Thread 0x00000297a1f146c0 Unloading class 0x00000297a4104c00 'java/lang/invoke/LambdaForm$DMH+0x00000297a4104c00'
Event: 5754.215 Thread 0x00000297a1f146c0 Unloading class 0x00000297a4104000 'java/lang/invoke/LambdaForm$MH+0x00000297a4104000'
Event: 5754.215 Thread 0x00000297a1f146c0 Unloading class 0x00000297a40fc000 'java/lang/invoke/LambdaForm$DMH+0x00000297a40fc000'
Event: 5754.215 Thread 0x00000297a1f146c0 Unloading class 0x00000297a40d8800 'java/lang/invoke/LambdaForm$MH+0x00000297a40d8800'
Event: 5754.215 Thread 0x00000297a1f146c0 Unloading class 0x00000297a40d8400 'java/lang/invoke/LambdaForm$MH+0x00000297a40d8400'
Event: 5754.215 Thread 0x00000297a1f146c0 Unloading class 0x00000297a40d8000 'java/lang/invoke/LambdaForm$MH+0x00000297a40d8000'
Event: 5754.215 Thread 0x00000297a1f146c0 Unloading class 0x00000297a4030c00 'java/lang/invoke/LambdaForm$MH+0x00000297a4030c00'
Event: 5754.215 Thread 0x00000297a1f146c0 Unloading class 0x00000297a4020c00 'java/lang/invoke/LambdaForm$BMH+0x00000297a4020c00'
Event: 5754.215 Thread 0x00000297a1f146c0 Unloading class 0x00000297a4010400 'java/lang/invoke/LambdaForm$DMH+0x00000297a4010400'
Event: 5754.215 Thread 0x00000297a1f146c0 Unloading class 0x00000297a4002400 'java/lang/invoke/LambdaForm$MH+0x00000297a4002400'
Event: 5754.215 Thread 0x00000297a1f146c0 Unloading class 0x00000297a4002000 'java/lang/invoke/LambdaForm$MH+0x00000297a4002000'
Event: 5754.215 Thread 0x00000297a1f146c0 Unloading class 0x00000297a4001c00 'java/lang/invoke/LambdaForm$MH+0x00000297a4001c00'
Event: 5754.215 Thread 0x00000297a1f146c0 Unloading class 0x00000297a4001400 'java/lang/invoke/LambdaForm$MH+0x00000297a4001400'

Classes redefined (0 events):
No events

Internal exceptions (20 events):
Event: 5387.025 Thread 0x00000297ec8766b0 Implicit null exception at 0x0000029793804223 to 0x0000029793804510
Event: 5388.024 Thread 0x00000297ec8766b0 Implicit null exception at 0x0000029793804223 to 0x0000029793804510
Event: 5389.026 Thread 0x00000297ec8766b0 Implicit null exception at 0x0000029793804223 to 0x0000029793804510
Event: 6818.232 Thread 0x00000297e834aaf0 Exception <a 'sun/net/ConnectionResetException'{0x000000070f41d2a8}: Connection reset> (0x000000070f41d2a8) 
thrown [s\open\src\hotspot\share\prims\jni.cpp, line 536]
Event: 6818.232 Thread 0x00000297e83461d0 Exception <a 'sun/net/ConnectionResetException'{0x000000070f4688b8}: Connection reset> (0x000000070f4688b8) 
thrown [s\open\src\hotspot\share\prims\jni.cpp, line 536]
Event: 6821.836 Thread 0x00000297e834b990 Exception <a 'sun/net/ConnectionResetException'{0x000000070f4bc4f8}: Connection reset> (0x000000070f4bc4f8) 
thrown [s\open\src\hotspot\share\prims\jni.cpp, line 536]
Event: 6821.836 Thread 0x00000297e8349500 Exception <a 'sun/net/ConnectionResetException'{0x000000070f4def78}: Connection reset> (0x000000070f4def78) 
thrown [s\open\src\hotspot\share\prims\jni.cpp, line 536]
Event: 6833.681 Thread 0x00000297e834c0e0 Exception <a 'sun/net/ConnectionResetException'{0x000000070f528178}: Connection reset> (0x000000070f528178) 
thrown [s\open\src\hotspot\share\prims\jni.cpp, line 536]
Event: 6833.684 Thread 0x00000297e834c830 Exception <a 'sun/net/ConnectionResetException'{0x000000070f543db8}: Connection reset> (0x000000070f543db8) 
thrown [s\open\src\hotspot\share\prims\jni.cpp, line 536]
Event: 7222.689 Thread 0x00000297e834aaf0 Exception <a 'sun/net/ConnectionResetException'{0x00000007093979c8}: Connection reset> (0x00000007093979c8) 
thrown [s\open\src\hotspot\share\prims\jni.cpp, line 536]
Event: 7222.689 Thread 0x00000297e834a3a0 Exception <a 'sun/net/ConnectionResetException'{0x000000070937db20}: Connection reset> (0x000000070937db20) 
thrown [s\open\src\hotspot\share\prims\jni.cpp, line 536]
Event: 7331.752 Thread 0x00000297e83461d0 Implicit null exception at 0x000002979346ae73 to 0x000002979346af21
Event: 7331.754 Thread 0x00000297e83461d0 Implicit null exception at 0x00000297933a1060 to 0x00000297933a2204
Event: 7331.768 Thread 0x00000297e83461d0 Implicit null exception at 0x00000297935fb5c0 to 0x00000297936034e4
Event: 7331.768 Thread 0x00000297e83461d0 Implicit null exception at 0x0000029793545d15 to 0x0000029793545f96
Event: 7331.768 Thread 0x00000297e83461d0 Implicit null exception at 0x00000297932e39a0 to 0x00000297932e3c24
Event: 7331.770 Thread 0x00000297e83461d0 Implicit null exception at 0x000002979351f319 to 0x000002979351f3b8
Event: 7331.771 Thread 0x00000297e83461d0 Exception <a 'java/lang/NoSuchMethodError'{0x0000000708c11d60}: 'int java.lang.invoke.DelegatingMethodHandle$Holder.reinvoke_L(java.lang.Object, java.lang.Object, java.lang.Object, java.lang.Object)'> (0x0000000708c11d60) 
thrown [s\open\src\hotspot\share\interpreter\linkResolver.cpp, line 805]
Event: 7331.774 Thread 0x00000297e83461d0 Implicit null exception at 0x00000297933f96c0 to 0x00000297933facc0
Event: 7906.560 Thread 0x00000297e8349500 Implicit null exception at 0x00000297934f9031 to 0x00000297934fa74c

VM Operations (20 events):
Event: 9321.334 Executing VM operation: HandshakeAllThreads (HandshakeForDeflation)
Event: 9321.335 Executing VM operation: HandshakeAllThreads (HandshakeForDeflation) done
Event: 9321.335 Executing VM operation: RendezvousGCThreads
Event: 9321.335 Executing VM operation: RendezvousGCThreads done
Event: 9381.417 Executing VM operation: HandshakeAllThreads (HandshakeForDeflation)
Event: 9381.417 Executing VM operation: HandshakeAllThreads (HandshakeForDeflation) done
Event: 9381.417 Executing VM operation: RendezvousGCThreads
Event: 9381.417 Executing VM operation: RendezvousGCThreads done
Event: 9441.516 Executing VM operation: HandshakeAllThreads (HandshakeForDeflation)
Event: 9441.516 Executing VM operation: HandshakeAllThreads (HandshakeForDeflation) done
Event: 9441.516 Executing VM operation: RendezvousGCThreads
Event: 9441.516 Executing VM operation: RendezvousGCThreads done
Event: 9501.632 Executing VM operation: HandshakeAllThreads (HandshakeForDeflation)
Event: 9501.632 Executing VM operation: HandshakeAllThreads (HandshakeForDeflation) done
Event: 9501.632 Executing VM operation: RendezvousGCThreads
Event: 9501.632 Executing VM operation: RendezvousGCThreads done
Event: 9561.749 Executing VM operation: HandshakeAllThreads (HandshakeForDeflation)
Event: 9561.749 Executing VM operation: HandshakeAllThreads (HandshakeForDeflation) done
Event: 9561.749 Executing VM operation: RendezvousGCThreads
Event: 9561.749 Executing VM operation: RendezvousGCThreads done

Memory protections (0 events):
No events

Nmethod flushes (20 events):
Event: 5754.261 Thread 0x00000297a1f146c0 flushing  nmethod 0x000002978c1f1088
Event: 5754.261 Thread 0x00000297a1f146c0 flushing  nmethod 0x000002978c1f1388
Event: 5754.261 Thread 0x00000297a1f146c0 flushing osr nmethod 0x000002978c200308
Event: 5754.261 Thread 0x00000297a1f146c0 flushing  nmethod 0x000002978c201a88
Event: 5754.261 Thread 0x00000297a1f146c0 flushing  nmethod 0x000002978c202d88
Event: 5754.261 Thread 0x00000297a1f146c0 flushing  nmethod 0x000002978c203708
Event: 5754.261 Thread 0x00000297a1f146c0 flushing osr nmethod 0x000002978c203f08
Event: 5754.261 Thread 0x00000297a1f146c0 flushing  nmethod 0x000002978c207488
Event: 5754.261 Thread 0x00000297a1f146c0 flushing osr nmethod 0x000002978c20ae88
Event: 5754.261 Thread 0x00000297a1f146c0 flushing osr nmethod 0x000002978c20ce88
Event: 5754.261 Thread 0x00000297a1f146c0 flushing  nmethod 0x000002978c2aa188
Event: 5754.261 Thread 0x00000297a1f146c0 flushing  nmethod 0x000002978c306e88
Event: 5754.261 Thread 0x00000297a1f146c0 flushing  nmethod 0x000002978c30bc88
Event: 5754.261 Thread 0x00000297a1f146c0 flushing  nmethod 0x000002978c341088
Event: 5754.261 Thread 0x00000297a1f146c0 flushing  nmethod 0x000002978c3bc508
Event: 5754.261 Thread 0x00000297a1f146c0 flushing  nmethod 0x000002978c3bda88
Event: 5754.261 Thread 0x00000297a1f146c0 flushing  nmethod 0x000002978c3be908
Event: 5754.261 Thread 0x00000297a1f146c0 flushing  nmethod 0x000002978c3bf188
Event: 5754.261 Thread 0x00000297a1f146c0 flushing  nmethod 0x000002978c4abf88
Event: 5754.261 Thread 0x00000297a1f146c0 flushing  nmethod 0x000002978c4ae788

Events (20 events):
Event: 129.010 Thread 0x00000297e83477c0 Thread exited: 0x00000297e83477c0
Event: 129.012 Thread 0x00000297ec875f60 Thread added: 0x00000297e83477c0
Event: 129.012 Thread 0x00000297ec875f60 Thread added: 0x00000297a2756720
Event: 129.033 Thread 0x00000297ec875f60 Thread exited: 0x00000297ec875f60
Event: 129.033 Thread 0x00000297ec606360 Thread exited: 0x00000297ec606360
Event: 129.425 Thread 0x00000297ec42a6a0 Thread exited: 0x00000297ec42a6a0
Event: 129.452 Thread 0x00000297ec42bd50 Thread exited: 0x00000297ec42bd50
Event: 189.026 Thread 0x00000297ec876e00 Thread exited: 0x00000297ec876e00
Event: 264.978 Thread 0x00000297a25989c0 Thread added: 0x00000297ec42b5c0
Event: 265.352 Thread 0x00000297ec42b5c0 Thread exited: 0x00000297ec42b5c0
Event: 265.768 Thread 0x00000297a259d620 Thread added: 0x00000297ec42b5c0
Event: 266.006 Thread 0x00000297ec42b5c0 Thread exited: 0x00000297ec42b5c0
Event: 279.285 Thread 0x00000297a259d620 Thread added: 0x00000297ec42a6a0
Event: 280.092 Thread 0x00000297ec42a6a0 Thread exited: 0x00000297ec42a6a0
Event: 294.938 Thread 0x00000297a25989c0 Thread added: 0x00000297ec429780
Event: 295.448 Thread 0x00000297ec429780 Thread exited: 0x00000297ec429780
Event: 7331.790 Thread 0x00000297a259d620 Thread added: 0x00000297e9d31dc0
Event: 7331.804 Thread 0x00000297a259d620 Thread added: 0x00000297e9d30710
Event: 7332.502 Thread 0x00000297e9d31dc0 Thread exited: 0x00000297e9d31dc0
Event: 7332.502 Thread 0x00000297e9d30710 Thread exited: 0x00000297e9d30710


Dynamic libraries:
0x00007ff7dcdc0000 - 0x00007ff7dcdce000 	C:\Users\Windows\.jdks\openjdk-24.0.1\bin\java.exe
0x00007ffc852e0000 - 0x00007ffc85546000 	C:\Windows\SYSTEM32\ntdll.dll
0x00007ffc84b60000 - 0x00007ffc84c29000 	C:\Windows\System32\KERNEL32.DLL
0x00007ffc82500000 - 0x00007ffc82900000 	C:\Windows\System32\KERNELBASE.dll
0x00007ffc82910000 - 0x00007ffc82a5c000 	C:\Windows\System32\ucrtbase.dll
0x00007ffc6fb20000 - 0x00007ffc6fb3b000 	C:\Users\Windows\.jdks\openjdk-24.0.1\bin\VCRUNTIME140.dll
0x00007ffc6fad0000 - 0x00007ffc6fae6000 	C:\Users\Windows\.jdks\openjdk-24.0.1\bin\jli.dll
0x00007ffc84680000 - 0x00007ffc84847000 	C:\Windows\System32\USER32.dll
0x00007ffc6a0f0000 - 0x00007ffc6a382000 	C:\Windows\WinSxS\amd64_microsoft.windows.common-controls_6595b64144ccf1df_6.0.26100.8737_none_3e092eaee333b772\COMCTL32.dll
0x00007ffc82f20000 - 0x00007ffc82f47000 	C:\Windows\System32\win32u.dll
0x00007ffc83920000 - 0x00007ffc839c9000 	C:\Windows\System32\msvcrt.dll
0x00007ffc84500000 - 0x00007ffc8452b000 	C:\Windows\System32\GDI32.dll
0x00007ffc82a70000 - 0x00007ffc82b99000 	C:\Windows\System32\gdi32full.dll
0x00007ffc82e70000 - 0x00007ffc82f13000 	C:\Windows\System32\msvcp_win.dll
0x00007ffc84ab0000 - 0x00007ffc84ae2000 	C:\Windows\System32\IMM32.DLL
0x00007ffc79b40000 - 0x00007ffc79b4c000 	C:\Users\Windows\.jdks\openjdk-24.0.1\bin\vcruntime140_1.dll
0x00007ffc66010000 - 0x00007ffc6609e000 	C:\Users\Windows\.jdks\openjdk-24.0.1\bin\msvcp140.dll
0x00007ffbea190000 - 0x00007ffbeaf32000 	C:\Users\Windows\.jdks\openjdk-24.0.1\bin\server\jvm.dll
0x00007ffc849f0000 - 0x00007ffc84aa7000 	C:\Windows\System32\ADVAPI32.dll
0x00007ffc83500000 - 0x00007ffc835aa000 	C:\Windows\System32\sechost.dll
0x00007ffc83350000 - 0x00007ffc83468000 	C:\Windows\System32\RPCRT4.dll
0x00007ffc83750000 - 0x00007ffc837d0000 	C:\Windows\System32\WS2_32.dll
0x00007ffc82360000 - 0x00007ffc823be000 	C:\Windows\SYSTEM32\POWRPROF.dll
0x00007ffc6dde0000 - 0x00007ffc6de16000 	C:\Windows\SYSTEM32\WINMM.dll
0x00007ffc707f0000 - 0x00007ffc707fb000 	C:\Windows\SYSTEM32\VERSION.dll
0x00007ffc82340000 - 0x00007ffc82354000 	C:\Windows\SYSTEM32\UMPDC.dll
0x00007ffc811a0000 - 0x00007ffc811bb000 	C:\Windows\SYSTEM32\kernel.appcore.dll
0x00007ffc6fb10000 - 0x00007ffc6fb1a000 	C:\Users\Windows\.jdks\openjdk-24.0.1\bin\jimage.dll
0x00007ffc7f4f0000 - 0x00007ffc7f732000 	C:\Windows\SYSTEM32\DBGHELP.DLL
0x00007ffc84170000 - 0x00007ffc844f3000 	C:\Windows\System32\combase.dll
0x00007ffc845a0000 - 0x00007ffc84679000 	C:\Windows\System32\OLEAUT32.dll
0x00007ffc6da10000 - 0x00007ffc6da4b000 	C:\Windows\SYSTEM32\dbgcore.DLL
0x00007ffc82ba0000 - 0x00007ffc82c4c000 	C:\Windows\System32\bcryptPrimitives.dll
0x00007ffc6fac0000 - 0x00007ffc6facf000 	C:\Users\Windows\.jdks\openjdk-24.0.1\bin\instrument.dll
0x00007ffc6e8f0000 - 0x00007ffc6e90e000 	C:\Users\Windows\.jdks\openjdk-24.0.1\bin\java.dll
0x00007ffc835b0000 - 0x00007ffc83749000 	C:\Windows\System32\ole32.dll
0x00007ffc839d0000 - 0x00007ffc84162000 	C:\Windows\System32\SHELL32.dll
0x00007ffc7ff60000 - 0x00007ffc807f2000 	C:\Windows\SYSTEM32\windows.storage.dll
0x00007ffc848e0000 - 0x00007ffc849d7000 	C:\Windows\System32\SHCORE.dll
0x00007ffc85230000 - 0x00007ffc85297000 	C:\Windows\System32\shlwapi.dll
0x00007ffc82420000 - 0x00007ffc82449000 	C:\Windows\SYSTEM32\profapi.dll
0x00007ffc4a320000 - 0x00007ffc4a3f7000 	C:\Users\Windows\.jdks\openjdk-24.0.1\bin\jsvml.dll
0x00007ffc6e8a0000 - 0x00007ffc6e8b7000 	C:\Users\Windows\.jdks\openjdk-24.0.1\bin\zip.dll
0x00007ffc6e8e0000 - 0x00007ffc6e8f0000 	C:\Users\Windows\.jdks\openjdk-24.0.1\bin\net.dll
0x00007ffc81730000 - 0x00007ffc8179c000 	C:\Windows\system32\mswsock.dll
0x00007ffc6e8c0000 - 0x00007ffc6e8d6000 	C:\Users\Windows\.jdks\openjdk-24.0.1\bin\nio.dll
0x00007ffc6b5e0000 - 0x00007ffc6b5e9000 	C:\Users\Windows\.jdks\openjdk-24.0.1\bin\extnet.dll
0x00007ffc6b590000 - 0x00007ffc6b59a000 	C:\Users\Windows\.jdks\openjdk-24.0.1\bin\management.dll
0x00007ffc6b580000 - 0x00007ffc6b58b000 	C:\Users\Windows\.jdks\openjdk-24.0.1\bin\management_ext.dll
0x00007ffc849e0000 - 0x00007ffc849e8000 	C:\Windows\System32\PSAPI.DLL
0x00007ffc80c00000 - 0x00007ffc80c33000 	C:\Windows\SYSTEM32\IPHLPAPI.DLL
0x00007ffc84590000 - 0x00007ffc8459a000 	C:\Windows\System32\NSI.dll
0x00007ffc80c40000 - 0x00007ffc80d95000 	C:\Windows\SYSTEM32\DNSAPI.dll
0x00007ffc81530000 - 0x00007ffc8153d000 	C:\Windows\SYSTEM32\DSPARSE.dll
0x00007ffc70aa0000 - 0x00007ffc70aab000 	C:\Windows\System32\rasadhlp.dll
0x00007ffc78470000 - 0x00007ffc784f6000 	C:\Windows\System32\fwpuclnt.dll
0x00007ffc6b5d0000 - 0x00007ffc6b5de000 	C:\Users\Windows\.jdks\openjdk-24.0.1\bin\sunmscapi.dll
0x00007ffc82cf0000 - 0x00007ffc82e68000 	C:\Windows\System32\CRYPT32.dll
0x00007ffc81cd0000 - 0x00007ffc81d00000 	C:\Windows\SYSTEM32\ncrypt.dll
0x00007ffc81c80000 - 0x00007ffc81cbf000 	C:\Windows\SYSTEM32\NTASN1.dll
0x00007ffc81b60000 - 0x00007ffc81b7b000 	C:\Windows\SYSTEM32\CRYPTSP.dll
0x00007ffc81100000 - 0x00007ffc81139000 	C:\Windows\system32\rsaenh.dll
0x00007ffc817f0000 - 0x00007ffc81822000 	C:\Windows\SYSTEM32\USERENV.dll
0x00007ffc823f0000 - 0x00007ffc8241a000 	C:\Windows\SYSTEM32\bcrypt.dll
0x00007ffc81b30000 - 0x00007ffc81b3c000 	C:\Windows\SYSTEM32\CRYPTBASE.dll
0x00007ffc66fa0000 - 0x00007ffc66fb0000 	C:\Users\Windows\.jdks\openjdk-24.0.1\bin\verify.dll
0x00007ffc4ee70000 - 0x00007ffc4ee88000 	C:\Windows\system32\napinsp.dll
0x00007ffc4ee50000 - 0x00007ffc4ee63000 	C:\Windows\System32\winrnr.dll
0x00007ffc4ee20000 - 0x00007ffc4ee42000 	C:\Windows\system32\nlansp_c.dll
0x00007ffc70960000 - 0x00007ffc70976000 	C:\Windows\system32\wshbth.dll
0x00007ffc6dc30000 - 0x00007ffc6dc38000 	C:\Windows\system32\wshunix.dll

JVMTI agents:
C:\Program Files\JetBrains\IntelliJ IDEA Community Edition 2025.1\lib\idea_rt.jar path:C:\Users\Windows\.jdks\openjdk-24.0.1\bin\instrument.dll, loaded, initialized, instrumentlib options:62328

dbghelp: loaded successfully - version: 4.0.5 - missing functions: none
symbol engine: initialized successfully - sym options: 0x614 - pdb path: .;C:\Users\Windows\.jdks\openjdk-24.0.1\bin;C:\Windows\SYSTEM32;C:\Windows\WinSxS\amd64_microsoft.windows.common-controls_6595b64144ccf1df_6.0.26100.8737_none_3e092eaee333b772;C:\Users\Windows\.jdks\openjdk-24.0.1\bin\server

VM Arguments:
jvm_args: -javaagent:C:\Program Files\JetBrains\IntelliJ IDEA Community Edition 2025.1\lib\idea_rt.jar=62328 -Dfile.encoding=UTF-8 -Dsun.stdout.encoding=UTF-8 -Dsun.stderr.encoding=UTF-8 
java_command: com.discovery_service.DiscoveryServiceApplication
java_class_path (initial): D:\PROJECT\microservice\discovery-service\target\classes;C:\Users\Windows\.m2\repository\org\springframework\boot\spring-boot-starter-actuator\4.1.0\spring-boot-starter-actuator-4.1.0.jar;C:\Users\Windows\.m2\repository\org\springframework\boot\spring-boot-starter\4.1.0\spring-boot-starter-4.1.0.jar;C:\Users\Windows\.m2\repository\org\springframework\boot\spring-boot-starter-logging\4.1.0\spring-boot-starter-logging-4.1.0.jar;C:\Users\Windows\.m2\repository\ch\qos\logback\logback-classic\1.5.34\logback-classic-1.5.34.jar;C:\Users\Windows\.m2\repository\ch\qos\logback\logback-core\1.5.34\logback-core-1.5.34.jar;C:\Users\Windows\.m2\repository\org\apache\logging\log4j\log4j-to-slf4j\2.25.4\log4j-to-slf4j-2.25.4.jar;C:\Users\Windows\.m2\repository\org\apache\logging\log4j\log4j-api\2.25.4\log4j-api-2.25.4.jar;C:\Users\Windows\.m2\repository\org\slf4j\jul-to-slf4j\2.0.18\jul-to-slf4j-2.0.18.jar;C:\Users\Windows\.m2\repository\jakarta\annotation\jakarta.annotation-api\3.0.0\jakarta.annotation-api-3.0.0.jar;C:\Users\Windows\.m2\repository\org\yaml\snakeyaml\2.6\snakeyaml-2.6.jar;C:\Users\Windows\.m2\repository\org\springframework\boot\spring-boot-starter-micrometer-metrics\4.1.0\spring-boot-starter-micrometer-metrics-4.1.0.jar;C:\Users\Windows\.m2\repository\org\springframework\boot\spring-boot-micrometer-metrics\4.1.0\spring-boot-micrometer-metrics-4.1.0.jar;C:\Users\Windows\.m2\repository\org\springframework\boot\spring-boot-micrometer-observation\4.1.0\spring-boot-micrometer-observation-4.1.0.jar;C:\Users\Windows\.m2\repository\org\springframework\boot\spring-boot-actuator-autoconfigure\4.1.0\spring-boot-actuator-autoconfigure-4.1.0.jar;C:\Users\Windows\.m2\repository\org\springframework\boot\spring-boot-actuator\4.1.0\spring-boot-actuator-4.1.0.jar;C:\Users\Windows\.m2\repository\org\springframework\boot\spring-boot-health\4.1.0\spring-boot-health-4.1.0.jar;C:\Users\Windows\.m2\repository\io\micrometer\micrometer-observation\1.17.0\micrometer-observation-1.17.0.jar;C:\Users\Windows\.m2\repository\org\jspecify\jspecify\1.0.0\jspecify-1.0.0.jar;C:\Users\Windows\.m2\repository\io\micrometer\micrometer-commons\1.17.0\micrometer-commons-1.17.0.jar;C:\Users\Windows\.m2\repository\io\micrometer\micrometer-jakarta9\1.17.0\micrometer-jakarta9-1.17.0.jar;C:\Users\Windows\.m2\repository\io\micrometer\micrometer-core\1.17.0\micrometer-core-1.17.0.jar;C:\Users\Windows\.m2\repository\org\hdrhistogram\HdrHistogram\2.2.2\HdrHistogram-2.2.2.jar;C:\Users\Windows\.m2\repository\org\springframework\boot\spring-boot-devtools\4.1.0\spring-boot-devtools-4.1.0.jar;C:\Users\Windows\.m2\repository\org\springframework\boot\spring-boot\4.1.0\spring-boot-4.1.0.jar;C:\Users\Windows\.m2\repository\org\springframework\spring-core\7.0.8\spring-core-7.0.8.jar;C:\Users\Windows\.m2\repository\commons-logging\commons-logging\1.3.6\commons-logging-1.3.6.jar;C:\Users\Windows\.m2\repository\org\springframework\spring-context\7.0.8\spring-context-7.0.8.jar;C:\Users\Windows\.m2\repository\org\springframework\spring-aop\7.0.8\spring-aop-7.0.8.jar;C:\Users\Windows\.m2\repository\org\springframework\spring-beans\7.0.8\spring-beans-7.0.8.jar;C:\Users\Windows\.m2\repository\org\springframework\spring-expression\7.0.8\spring-expression-7.0.8.jar;C:\Users\Windows\.m2\repository\org\springframework\boot\spring-boot-autoconfigure\4.1.0\spring-boot-autoconfigure-4.1.0.jar;C:\Users\Windows\.m2\repository\org\springframework\boot\spring-boot-starter-webmvc\4.1.0\spring-boot-starter-webmvc-4.1.0.jar;C:\Users\Windows\.m2\repository\org\springframework\boot\spring-boot-starter-jackson\4.1.0\spring-boot-starter-jackson-4.1.0.jar;C:\Users\Windows\.m2\repository\org\springframework\boot\spring-boot-jackson\4.1.0\spring-boot-jackson-4.1.0.jar;C:\Users\Windows\.m2\repository\tools\jackson\core\jackson-databind\3.1.4\jackson-databind-3.1.4.jar;C:\Users\Windows\.m2\repository\tools\jackson\core\jackson-core\3.1.4\jackson-core-3.1.4.jar;C:\Users\Windows\.m2\repository\org\springframework\boot\spring-boot-starter-tomcat\4.1.0\spring-boot-starter-tomcat-4.1.0.jar;C:\Users\Windows\.m2\repository\org\springframework\boot\spring-boot-starter-tomcat-runtime\4.1.0\spring-boot-starter-tomcat-runtime-4.1.0.jar;C:\Users\Windows\.m2\repository\org\apache\tomcat\embed\tomcat-embed-core\11.0.22\tomcat-embed-core-11.0.22.jar;C:\Users\Windows\.m2\repository\org\apache\tomcat\embed\tomcat-embed-el\11.0.22\tomcat-embed-el-11.0.22.jar;C:\Users\Windows\.m2\repository\org\apache\tomcat\embed\tomcat-embed-websocket\11.0.22\tomcat-embed-websocket-11.0.22.jar;C:\Users\Windows\.m2\repository\org\springframework\boot\spring-boot-tomcat\4.1.0\spring-boot-tomcat-4.1.0.jar;C:\Users\Windows\.m2\repository\org\springframework\boot\spring-boot-http-converter\4.1.0\spring-boot-http-converter-4.1.0.jar;C:\Users\Windows\.m2\repository\org\springframework\spring-web\7.0.8\spring-web-7.0.8.jar;C:\Users\Windows\.m2\repository\org\springframework\boot\spring-boot-webmvc\4.1.0\spring-boot-webmvc-4.1.0.jar;C:\Users\Windows\.m2\repository\org\springframework\boot\spring-boot-servlet\4.1.0\spring-boot-servlet-4.1.0.jar;C:\Users\Windows\.m2\repository\org\springframework\spring-webmvc\7.0.8\spring-webmvc-7.0.8.jar;C:\Users\Windows\.m2\repository\org\springframework\cloud\spring-cloud-starter-netflix-eureka-server\5.0.2\spring-cloud-starter-netflix-eureka-server-5.0.2.jar;C:\Users\Windows\.m2\repository\org\springframework\cloud\spring-cloud-starter\5.0.2\spring-cloud-starter-5.0.2.jar;C:\Users\Windows\.m2\repository\org\springframework\cloud\spring-cloud-context\5.0.2\spring-cloud-context-5.0.2.jar;C:\Users\Windows\.m2\repository\org\springframework\security\spring-security-crypto\7.1.0\spring-security-crypto-7.1.0.jar;C:\Users\Windows\.m2\repository\org\springframework\cloud\spring-cloud-commons\5.0.2\spring-cloud-commons-5.0.2.jar;C:\Users\Windows\.m2\repository\org\bouncycastle\bcprov-jdk18on\1.81.1\bcprov-jdk18on-1.81.1.jar;C:\Users\Windows\.m2\repository\org\springframework\cloud\spring-cloud-netflix-eureka-server\5.0.2\spring-cloud-netflix-eureka-server-5.0.2.jar;C:\Users\Windows\.m2\repository\org\springframework\boot\spring-boot-starter-web\4.1.0\spring-boot-starter-web-4.1.0.jar;C:\Users\Windows\.m2\repository\org\springframework\boot\spring-boot-starter-freemarker\4.1.0\spring-boot-starter-freemarker-4.1.0.jar;C:\Users\Windows\.m2\repository\org\springframework\boot\spring-boot-freemarker\4.1.0\spring-boot-freemarker-4.1.0.jar;C:\Users\Windows\.m2\repository\org\freemarker\freemarker\2.3.34\freemarker-2.3.34.jar;C:\Users\Windows\.m2\repository\org\springframework\spring-context-support\7.0.8\spring-context-support-7.0.8.jar;C:\Users\Windows\.m2\repository\org\springframework\cloud\spring-cloud-netflix-eureka-client\5.0.2\spring-cloud-netflix-eureka-client-5.0.2.jar;C:\Users\Windows\.m2\repository\org\springframework\boot\spring-boot-jackson2\4.1.0\spring-boot-jackson2-4.1.0.jar;C:\Users\Windows\.m2\repository\com\fasterxml\jackson\datatype\jackson-datatype-jdk8\2.21.4\jackson-datatype-jdk8-2.21.4.jar;C:\Users\Windows\.m2\repository\com\fasterxml\jackson\datatype\jackson-datatype-jsr310\2.21.4\jackson-datatype-jsr310-2.21.4.jar;C:\Users\Windows\.m2\repository\com\fasterxml\jackson\module\jackson-module-parameter-names\2.21.4\jackson-module-parameter-names-2.21.4.jar;C:\Users\Windows\.m2\repository\com\netflix\eureka\eureka-client\2.0.6\eureka-client-2.0.6.jar;C:\Users\Windows\.m2\repository\com\thoughtworks\xstream\xstream\1.4.21\xstream-1.4.21.jar;C:\Users\Windows\.m2\repository\io\github\x-stream\mxparser\1.2.2\mxparser-1.2.2.jar;C:\Users\Windows\.m2\repository\xmlpull\xmlpull\1.1.3.1\xmlpull-1.1.3.1.jar;C:\Users\Windows\.m2\repository\com\netflix\spectator\spectator-api\1.7.3\spectator-api-1.7.3.jar;C:\Users\Windows\.m2\repository\org\apache\httpcomponents\httpclient\4.5.3\httpclient-4.5.3.jar;C:\Users\Windows\.m2\repository\org\apache\httpcomponents\httpcore\4.4.16\httpcore-4.4.16.jar;C:\Users\Windows\.m2\repository\commons-codec\commons-codec\1.21.0\commons-codec-1.21.0.jar;C:\Users\Windows\.m2\repository\com\netflix\netflix-commons\netflix-eventbus\0.3.0\netflix-eventbus-0.3.0.jar;C:\Users\Windows\.m2\repository\com\netflix\netflix-commons\netflix-infix\0.3.0\netflix-infix-0.3.0.jar;C:\Users\Windows\.m2\repository\commons-jxpath\commons-jxpath\1.3\commons-jxpath-1.3.jar;C:\Users\Windows\.m2\repository\joda-time\joda-time\2.3\joda-time-2.3.jar;C:\Users\Windows\.m2\repository\org\antlr\antlr-runtime\3.4\antlr-runtime-3.4.jar;C:\Users\Windows\.m2\repository\org\antlr\stringtemplate\3.2.1\stringtemplate-3.2.1.jar;C:\Users\Windows\.m2\repository\antlr\antlr\2.7.7\antlr-2.7.7.jar;C:\Users\Windows\.m2\repository\com\google\code\gson\gson\2.13.2\gson-2.13.2.jar;C:\Users\Windows\.m2\repository\com\netflix\servo\servo-core\0.5.3\servo-core-0.5.3.jar;C:\Users\Windows\.m2\repository\org\apache\commons\commons-math\2.2\commons-math-2.2.jar;C:\Users\Windows\.m2\repository\javax\annotation\javax.annotation-api\1.2\javax.annotation-api-1.2.jar;C:\Users\Windows\.m2\repository\org\codehaus\jettison\jettison\1.5.4\jettison-1.5.4.jar;C:\Users\Windows\.m2\repository\org\apache\httpcomponents\client5\httpclient5\5.6.1\httpclient5-5.6.1.jar;C:\Users\Windows\.m2\repository\org\apache\httpcomponents\core5\httpcore5\5.4.2\httpcore5-5.4.2.jar;C:\Users\Windows\.m2\repository\org\apache\httpcomponents\core5\httpcore5-h2\5.4.2\httpcore5-h2-5.4.2.jar;C:\Users\Windows\.m2\repository\com\netflix\eureka\eureka-client-jersey3\2.0.6\eureka-client-jersey3-2.0.6.jar;C:\Users\Windows\.m2\repository\org\glassfish\jersey\connectors\jersey-apache-connector\3.0.5\jersey-apache-connector-3.0.5.jar;C:\Users\Windows\.m2\repository\com\netflix\eureka\eureka-core-jersey3\2.0.6\eureka-core-jersey3-2.0.6.jar;C:\Users\Windows\.m2\repository\com\netflix\eureka\eureka-core\2.0.6\eureka-core-2.0.6.jar;C:\Users\Windows\.m2\repository\com\google\guava\guava\33.0.0-jre\guava-33.0.0-jre.jar;C:\Users\Windows\.m2\repository\com\google\guava\failureaccess\1.0.2\failureaccess-1.0.2.jar;C:\Users\Windows\.m2\repository\com\google\guava\listenablefuture\9999.0-empty-to-avoid-conflict-with-guava\listenablefuture-9999.0-empty-to-avoid-conflict-with-guava.jar;C:\Users\Windows\.m2\repository\org\checkerframework\checker-qual\3.41.0\checker-qual-3.41.0.jar;C:\Users\Windows\.m2\repository\com\google\errorprone\error_prone_annotations\2.23.0\error_prone_annotations-2.23.0.jar;C:\Users\Windows\.m2\repository\com\google\j2objc\j2objc-annotations\2.8\j2objc-annotations-2.8.jar;C:\Users\Windows\.m2\repository\org\glassfish\jersey\containers\jersey-container-servlet\4.0.2\jersey-container-servlet-4.0.2.jar;C:\Users\Windows\.m2\repository\jakarta\inject\jakarta.inject-api\2.0.1\jakarta.inject-api-2.0.1.jar;C:\Users\Windows\.m2\repository\org\glassfish\jersey\core\jersey-common\4.0.2\jersey-common-4.0.2.jar;C:\Users\Windows\.m2\repository\org\glassfish\hk2\osgi-resource-locator\3.0.0\osgi-resource-locator-3.0.0.jar;C:\Users\Windows\.m2\repository\jakarta\ws\rs\jakarta.ws.rs-api\4.0.0\jakarta.ws.rs-api-4.0.0.jar;C:\Users\Windows\.m2\repository\org\glassfish\jersey\core\jersey-server\4.0.2\jersey-server-4.0.2.jar;C:\Users\Windows\.m2\repository\jakarta\validation\jakarta.validation-api\3.1.1\jakarta.validation-api-3.1.1.jar;C:\Users\Windows\.m2\repository\org\glassfish\jersey\core\jersey-client\4.0.2\jersey-client-4.0.2.jar;C:\Users\Windows\.m2\repository\org\glassfish\jersey\inject\jersey-hk2\4.0.2\jersey-hk2-4.0.2.jar;C:\Users\Windows\.m2\repository\org\glassfish\hk2\hk2-locator\4.0.0-M3\hk2-locator-4.0.0-M3.jar;C:\Users\Windows\.m2\repository\org\glassfish\hk2\hk2-utils\4.0.0-M3\hk2-utils-4.0.0-M3.jar;C:\Users\Windows\.m2\repository\org\javassist\javassist\3.30.2-GA\javassist-3.30.2-GA.jar;C:\Users\Windows\.m2\repository\jakarta\activation\jakarta.activation-api\2.1.4\jakarta.activation-api-2.1.4.jar;C:\Users\Windows\.m2\repository\org\glassfish\hk2\spring-bridge\3.1.1\spring-bridge-3.1.1.jar;C:\Users\Windows\.m2\repository\org\glassfish\hk2\hk2-api\3.1.1\hk2-api-3.1.1.jar;C:\Users\Windows\.m2\repository\com\fasterxml\jackson\dataformat\jackson-dataformat-xml\2.21.4\jackson-dataformat-xml-2.21.4.jar;C:\Users\Windows\.m2\repository\com\fasterxml\jackson\core\jackson-core\2.21.4\jackson-core-2.21.4.jar;C:\Users\Windows\.m2\repository\com\fasterxml\jackson\core\jackson-annotations\2.21\jackson-annotations-2.21.jar;C:\Users\Windows\.m2\repository\com\fasterxml\jackson\core\jackson-databind\2.21.4\jackson-databind-2.21.4.jar;C:\Users\Windows\.m2\repository\org\codehaus\woodstox\stax2-api\4.2.2\stax2-api-4.2.2.jar;C:\Users\Windows\.m2\repository\com\fasterxml\woodstox\woodstox-core\7.1.1\woodstox-core-7.1.1.jar;C:\Users\Windows\.m2\repository\org\springframework\cloud\spring-cloud-starter-loadbalancer\5.0.2\spring-cloud-starter-loadbalancer-5.0.2.jar;C:\Users\Windows\.m2\repository\org\springframework\cloud\spring-cloud-loadbalancer\5.0.2\spring-cloud-loadbalancer-5.0.2.jar;C:\Users\Windows\.m2\repository\io\projectreactor\reactor-core\3.8.6\reactor-core-3.8.6.jar;C:\Users\Windows\.m2\repository\org\reactivestreams\reactive-streams\1.0.4\reactive-streams-1.0.4.jar;C:\Users\Windows\.m2\repository\io\projectreactor\addons\reactor-extra\3.6.0\reactor-extra-3.6.0.jar;C:\Users\Windows\.m2\repository\org\springframework\boot\spring-boot-starter-cache\4.1.0\spring-boot-starter-cache-4.1.0.jar;C:\Users\Windows\.m2\repository\org\springframework\boot\spring-boot-cache\4.1.0\spring-boot-cache-4.1.0.jar;C:\Users\Windows\.m2\repository\com\stoyanr\evictor\1.0.0\evictor-1.0.0.jar;C:\Users\Windows\.m2\repository\org\glassfish\jaxb\jaxb-runtime\4.0.9\jaxb-runtime-4.0.9.jar;C:\Users\Windows\.m2\repository\org\glassfish\jaxb\jaxb-core\4.0.9\jaxb-core-4.0.9.jar;C:\Users\Windows\.m2\repository\org\eclipse\angus\angus-activation\2.0.3\angus-activation-2.0.3.jar;C:\Users\Windows\.m2\repository\org\glassfish\jaxb\txw2\4.0.9\txw2-4.0.9.jar;C:\Users\Windows\.m2\repository\com\sun\istack\istack-commons-runtime\4.1.2\istack-commons-runtime-4.1.2.jar;C:\Users\Windows\.m2\repository\org\slf4j\slf4j-api\2.0.18\slf4j-api-2.0.18.jar;C:\Users\Windows\.m2\repository\jakarta\xml\bind\jakarta.xml.bind-api\4.0.5\jakarta.xml.bind-api-4.0.5.jar;C:\Users\Windows\.m2\repository\org\springframework\boot\spring-boot-web-server\4.1.0\spring-boot-web-server-4.1.0.jar
Launcher Type: SUN_STANDARD

[Global flags]
     intx CICompilerCount                          = 4                                         {product} {ergonomic}
     uint ConcGCThreads                            = 2                                         {product} {ergonomic}
     uint G1ConcRefinementThreads                  = 8                                         {product} {ergonomic}
   size_t G1HeapRegionSize                         = 2097152                                   {product} {ergonomic}
   size_t InitialHeapSize                          = 266338304                                 {product} {ergonomic}
   size_t MarkStackSize                            = 4194304                                   {product} {ergonomic}
   size_t MarkStackSizeMax                         = 536870912                                 {product} {ergonomic}
   size_t MaxHeapSize                              = 4234149888                                {product} {ergonomic}
   size_t MaxNewSize                               = 2539651072                                {product} {ergonomic}
   size_t MinHeapDeltaBytes                        = 2097152                                   {product} {ergonomic}
   size_t MinHeapSize                              = 8388608                                   {product} {ergonomic}
    uintx NonNMethodCodeHeapSize                   = 5832704                                {pd product} {ergonomic}
    uintx NonProfiledCodeHeapSize                  = 122945536                              {pd product} {ergonomic}
    uintx ProfiledCodeHeapSize                     = 122880000                              {pd product} {ergonomic}
    uintx ReservedCodeCacheSize                    = 251658240                              {pd product} {ergonomic}
     bool SegmentedCodeCache                       = true                                      {product} {ergonomic}
   size_t SoftMaxHeapSize                          = 4234149888                             {manageable} {ergonomic}
     bool UseCompressedOops                        = true                           {product lp64_product} {ergonomic}
     bool UseG1GC                                  = true                                      {product} {ergonomic}
     bool UseLargePagesIndividualAllocation        = false                                  {pd product} {ergonomic}

Logging:
Log output configuration:
 #0: stdout all=warning uptime,level,tags foldmultilines=false
 #1: stderr all=off uptime,level,tags foldmultilines=false

Environment Variables:
JAVA_HOME=C:\Program Files\Eclipse Adoptium\jdk-25.0.2.10-hotspot
PATH=C:\Program Files\Eclipse Adoptium\jdk-25.0.2.10-hotspot\bin;C:\Windows\system32;C:\Windows;C:\Windows\System32\Wbem;C:\Windows\System32\WindowsPowerShell\v1.0\;C:\Windows\System32\OpenSSH\;C:\Program Files\dotnet\;C:\Program Files (x86)\Microsoft SQL Server\160\Tools\Binn\;C:\Program Files\Microsoft SQL Server\160\Tools\Binn\;C:\Program Files\Microsoft SQL Server\Client SDK\ODBC\170\Tools\Binn\;C:\Program Files\Git\cmd;C:\Program Files\Microsoft SQL Server\160\DTS\Binn\;C:\MAVEN\apache-maven-3.9.9-bin\apache-maven-3.9.9\bin;C:\GRADLE\gradle-8.14-bin\gradle-8.14\bin;D:\PHP\php-8.4.12-nts-Win32-vs17-x64;C:\Program Files\nodejs\;C:\Program Files\Docker\Docker\resources\bin;C:\ProgramData\chocolatey\bin;C:\Program Files\OpenSSL-Win64\bin;C:\Program Files (x86)\Tesseract-OCR;D:\putty\;C:\Users\Windows\.local\bin;C:\Users\Windows\AppData\Local\Programs\Python\Launcher\;C:\Users\Windows\AppData\Local\Microsoft\WindowsApps;C:\Users\Windows\AppData\Local\Programs\Microsoft VS Code\bin;C:\Program Files\JetBrains\IntelliJ IDEA Community Edition 2025.1\bin;;C:\Users\Windows\AppData\Roaming\npm;C:\Users\Windows\.dotnet\tools;C:\Users\Windows\AppData\Local\Programs\Warp\bin;C:\Users\Windows\.lmstudio\bin
USERNAME=Windows
OS=Windows_NT
PROCESSOR_IDENTIFIER=Intel64 Family 6 Model 142 Stepping 12, GenuineIntel
TMP=C:\Users\Windows\AppData\Local\Temp
TEMP=C:\Users\Windows\AppData\Local\Temp




Periodic native trim disabled

---------------  S Y S T E M  ---------------

OS:
 Windows 11 , 64 bit Build 26100 (10.0.26100.8737)
OS uptime: 0 days 9:41 hours
Hyper-V role detected

CPU: total 8 (initial active 8) (4 cores per cpu, 2 threads per core) family 6 model 142 stepping 12 microcode 0xfc, cx8, cmov, fxsr, ht, mmx, 3dnowpref, sse, sse2, sse3, ssse3, sse4.1, sse4.2, popcnt, lzcnt, tsc, tscinvbit, avx, avx2, aes, erms, clmul, bmi1, bmi2, adx, fma, vzeroupper, clflush, clflushopt, hv, rdtscp, f16c
Processor Information for the first 8 processors :
  Max Mhz: 2112, Current Mhz: 1609, Mhz Limit: 1605

Memory: 4k page, system-wide physical 16144M (4157M free)
TotalPageFile size 18192M (AvailPageFile size 7M)
current process WorkingSet (physical memory assigned to process): 200M, peak: 337M
current process commit charge ("private bytes"): 360M, peak: 427M

vm_info: OpenJDK 64-Bit Server VM (24.0.1+9-30) for windows-amd64 JRE (24.0.1+9-30), built on 2025-03-05T07:23:45Z with MS VC++ 17.6 (VS2022)

END.
